     1                                  ; haribote-os
     2                                  ; TAB=4
     3                                  
     4                                  ; boot info
     5                                  CYLS    EQU     0x0ff0      ; set by boot sector
     6                                  LEDS    EQU     0x0ff1
     7                                  VMODE   EQU     0x0ff2      ; color info
     8                                  SCRNX   EQU     0x0ff4      ; resolution x
     9                                  SCRNY   EQU     0x0ff6      ; resolution y
    10                                  VRAM    EQU     0x0ff8      ; start address of graphic buffer
    11                                  
    12                                          ORG     0xc200      ; 0xc200 <- 0x8000 + 0x4200
    13                                  
    14 00000000 B013                            MOV     AL, 0x13    ; VGA graphics 320x200x8bit
    15 00000002 B400                            MOV     AH, 0x00
    16 00000004 CD10                            INT     0x10
    17                                  
    18 00000006 C606F20F08                      MOV     BYTE [VMODE], 8  ; save video mode
    19 0000000B C706F40F4001                    MOV     WORD [SCRNX], 320
    20 00000011 C706F60FC800                    MOV     WORD [SCRNY], 200
    21 00000017 66C706F80F00000A00              MOV     DWORD [VRAM], 0x000a0000
    22                                  
    23                                  ; get LED state on keyboard from BIOS
    24 00000020 B402                            MOV     AH, 0x02
    25 00000022 CD16                            INT     0x16        ; keyboard BIOS
    26 00000024 A2F10F                          MOV     [LEDS], AL
    27                                  
    28                                  fin:
    29 00000027 F4                              HLT
    30 00000028 EBFD                            JMP     fin
