     1                                  ; sesame-os
     2                                  [bits   16]
     3                                  [org    0x7c00]
     4                                  CYLS    EQU             10
     5                                  
     6 00000000 EB59                    jmp         entry
     7                                  
     8                                  ; FAT32フォーマット
     9                                  
    10 00000002 4F50454E534553414D-     bootsectorsName         DB      "OPENSESAME"        ;ブートセクタの名前
    10 0000000B 45                 
    11 0000000C 0002                    bitesPerSector          DW      512                 ;1セクタの大きさ、大体512（FAT32フォーマット）
    12 0000000E 08                      sectorsPerCluster       DB      8                   ;アロケーションユニット(クラスタ)当たりのセクタ数
    13 0000000F 2000                    reservedSectors         DW      32                  ;FATがどこから始まるか（FAT32では代表的に32らしい）
    14 00000011 02                      FATsNum                 DB      2                   ;FATの数。このフィールドの値は常に2に設定すべきである
    15 00000012 0000                    directoryEntryNum       DW      0                   ;ルートディレクトリに含まれるディレクトリエントリの数（FAT32ではこのフィールドは使われず、常に0でないといけない
    16 00000014 0000                    sectorsNum              DW      0                   ;総セクタ数（FAT32では無効値(0)にしないといけない）
    17 00000016 F8                      mediaType               DB      0xf8                ;メディアのタイプ（区画分けされてない0xf0）
    18 00000017 0000                    sectorsPerFAT           DW      0                   ;FAT領域の長さ（FAT32では無効値(0)にしなければならない）
    19 00000019 3F00                    sectorsPerTrack         DW      63                  ;1トラックにいくつのセクタがあるか（IBM PCのディスクBIOSで使用される）
    20 0000001B 0200                    sectorsPerHead          DW      2                   ;ヘッドの数（IBM PCのディスクBIOSで使用される）
    21 0000001D 00000000                pertation               DD      0                   ;パーテションを使ってないのでここは必ず0
    22 00000021 1F3BFE00                totalSectorsNum         DD      0x00FE3B1F          ;ユーザ領域(ボリューム)の総セクタ数(違う値でもいける)
    23 00000025 78070000                FATsSector              DD      0x00000778          ;1つのFATに占有されるセクタ数(わからず、違う値でもいける？)
    24 00000029 0000                    flagsNum                DW      0x0000              ;
    25 0000002B 0000                    versionNum              DW      0x0000              ;version0.0
    26 0000002D 02000000                directoryStart          DD      2                   ;基本2
    27 00000031 0100                    infoSector              DW      1                   ;基本1
    28 00000033 0600                    buckupBootSector        DW      6                   ;基本6
    29                                  
    30 00000035 00<rept>                    TIMES   12  DB  0
    31                                  
    32 00000041 00                      driveNum                DB      0                   ;IBM PCのディスクBIOSで使われるドライブ番号
    33 00000042 00                      reservedByte            DB      0                   ;予約（WindowsNTで使用）
    34 00000043 29                      bootSignature           DB      0x29                ;拡張ブートシグネチャ
    35 00000044 FFFFFFFF                volumeSerialNum         DD      0xffffffff          ;ボリュームシリアル番号（てきとーでもいける）
    36 00000048 534553414D452D4F53-     discName                DB      "SESAME-OS  "       ;ディスクの名前（11バイト）
    36 00000051 2020               
    37 00000053 4641543332202020        formatName              DB      "FAT32   "          ;フォーマットの名前（8バイト）
    38                                  
    39                                  ;
    40                                  ;   プログラム本体
    41                                  ;
    42                                  
    43                                  ;エントリー動作
    44                                  entry:
    45 0000005B B80000                      mov     ax, 0               ;レジスタ初期化
    46 0000005E 8ED0                        mov     ss, ax
    47 00000060 BC007C                      mov     sp, 0x7c00
    48 00000063 8ED8                        mov     ds, ax
    49                                  
    50 00000065 B82008                      mov     ax, 0x0820          ;一回これで
    51 00000068 8EC0                        mov     es, ax
    52                                  ;ディスクを読む
    53                                  readloop:
    54 0000006A BE0000                      mov     si, 0               ;失敗回数を数えるレジスタ
    55                                  ReadSector:
    56 0000006D B402                        mov     ah, 0x02            ;BIOSのリード・セクタ
    57 0000006F B001                        mov     al, 0x01            ;一セクタ
    58 00000071 BB0000                      mov     bx, 0x00
    59 00000074 B500                        mov     ch, 0x00            ;トラック
    60 00000076 B100                        mov     cl, 0x00            ;セクタ
    61 00000078 B600                        mov     dh, 0x00            ;ヘッド
    62 0000007A B200                        mov     dl, 0x00            ;ドライブ
    63 0000007C CD13                        int     0x13                ;BIOSのドライブ読み込み機能呼び出し
    64 0000007E 7310                        JNC     next
    65 00000080 83C601                      add     si, 1
    66 00000083 83FE05                      cmp     si, 5
    67 00000086 7330                        JAE     error
    68 00000088 B400                        mov     ah, 0x00
    69 0000008A B200                        mov     dl, 0x00
    70 0000008C CD13                        int     0x13
    71 0000008E EBDD                        jmp     ReadSector
    72                                  next:
    73 00000090 8CC0                        mov     ax, es
    74 00000092 83C020                      add     ax, 0x0020
    75 00000095 8EC0                        mov     es, ax
    76 00000097 80C101                      add     cl, 1
    77 0000009A 3A0E[1900]                  cmp     cl, BYTE[sectorsPerTrack]
    78 0000009E 76CA                        JBE     readloop
    79 000000A0 B101                        mov     cl, 1
    80 000000A2 80C601                      add     dh, 1
    81 000000A5 3A36[1B00]                  cmp     dh, BYTE[sectorsPerHead]
    82 000000A9 72BF                        JB      readloop
    83 000000AB B600                        mov     dh, 0
    84 000000AD 80C501                      add     ch, 1
    85 000000B0 80FD0A                      cmp     ch, CYLS
    86 000000B3 72B5                        JB      readloop
    87                                  
    88                                  ;system実行
    89 000000B5 E9(00C2)                    jmp     0xc200
    90                                  
    91                                  error:
    92 000000B8 BE[D000]                    mov     si, msg
    93                                  DisplayLoop:
    94 000000BB 8A04                        mov     al, [si]
    95 000000BD 83C601                      add     si, 1
    96 000000C0 3C00                        cmp     al, 0
    97 000000C2 7409                        je      fin
    98 000000C4 B40E                        mov     ah, 0x0e
    99 000000C6 BB0F00                      mov     bx, 15
   100 000000C9 CD10                        int     0x10
   101 000000CB EBEE                        jmp     DisplayLoop
   102                                  fin:
   103 000000CD F4                          hlt
   104 000000CE EBFD                        jmp     fin
   105                                  msg:
   106 000000D0 0A0A                        DB      0x0a, 0x0a
   107 000000D2 6C6F6164206572726F-         DB      "load error"
   107 000000DB 72                 
   108 000000DC 0A                          DB      0x0a
   109 000000DD 00                          DB      0
   110                                  
   111 000000DE <res 00007D20>          	RESB	0x7dfe-($-$$)	; 0x7dfeまでを0x00で埋める命令
   111          ******************       warning: uninitialized space declared in .text section: zeroing
   112                                  
   113 00007DFE 55AA                    	DB		0x55, 0xaa
